2020-05-20 08:10:07 [36mINFO: [39m photo-analysis version 0.2.7 
2020-05-20 08:10:07 [36mINFO: [39m Platform: linux Arch: x64 Node: v14.0.0 
2020-05-20 08:10:07 [35mSTATE: [39m API ready 
2020-05-20 08:10:08 [35mSTATE: [39m Loaded WordNet database: assets/WordNet-Synset.json 60942 terms in 24034816 bytes 
2020-05-20 08:10:08 [35mSTATE: [39m Loaded all cities database: assets/Cities.json 195175 all cities 4426 large cities 
2020-05-20 08:10:10 [35mSTATE: [39m Image cache loaded: data/cache.json records: 593 size: 10097791 bytes 
2020-05-20 08:10:10 [35mSTATE: [39m Server HTTP listening on IPv6 :::8000 
2020-05-20 08:10:10 [35mSTATE: [39m Server HTTPS listening on IPv6 :::8080 
2020-05-20 08:10:28 [35mSTATE: [39m Application ready 
2020-05-20 08:10:58 [32mDATA: [39m GET/1.1 code:401 user:undefined src:IPv6/::1 dst:https://localhost:8080/gallery 
2020-05-20 08:11:02 [32mDATA: [39m POST/1.1 code:500 user:undefined src:IPv6/::1 dst:https://localhost:8080/client/auth.html 
2020-05-20 08:12:28 [36mINFO: [39m photo-analysis version 0.2.7 
2020-05-20 08:12:28 [36mINFO: [39m Platform: linux Arch: x64 Node: v14.0.0 
2020-05-20 08:12:28 [35mSTATE: [39m API ready 
2020-05-20 08:12:28 [35mSTATE: [39m Loaded WordNet database: assets/WordNet-Synset.json 60942 terms in 24034816 bytes 
2020-05-20 08:12:29 [35mSTATE: [39m Loaded all cities database: assets/Cities.json 195175 all cities 4426 large cities 
2020-05-20 08:12:30 [35mSTATE: [39m Image cache loaded: data/cache.json records: 593 size: 10097791 bytes 
2020-05-20 08:12:30 [35mSTATE: [39m Server HTTP listening on IPv6 :::8000 
2020-05-20 08:12:30 [35mSTATE: [39m Server HTTPS listening on IPv6 :::8080 
2020-05-20 08:12:49 [35mSTATE: [39m Application ready 
2020-05-20 08:12:50 [32mDATA: [39m GET/1.1 code:401 user:undefined src:IPv6/::1 dst:https://localhost:8080/gallery 
2020-05-20 08:12:54 [36mINFO: [39m Login request: mandic00@live.com from ::1 success 
2020-05-20 08:12:54 [32mDATA: [39m POST/1.1 code:302 user:mandic00@live.com src:IPv6/::1 dst:https://localhost:8080/client/auth.html 
2020-05-20 08:12:54 [36mINFO: [39m mandic00@live.com@::1 Loading gallery ... 
2020-05-20 08:12:54 [36mINFO: [39m Get mandic00@live.com@::1 all data: 593 
2020-05-20 08:12:54 [36mINFO: [39m mandic00@live.com@::1 Received 593 images in 10,097,791 bytes 
2020-05-20 08:15:44 [36mINFO: [39m photo-analysis version 0.2.7 
2020-05-20 08:15:44 [36mINFO: [39m Platform: linux Arch: x64 Node: v14.0.0 
2020-05-20 08:15:44 [35mSTATE: [39m API ready 
2020-05-20 08:15:44 [35mSTATE: [39m Loaded WordNet database: assets/WordNet-Synset.json 60942 terms in 24034816 bytes 
2020-05-20 08:15:45 [35mSTATE: [39m Loaded all cities database: assets/Cities.json 195175 all cities 4426 large cities 
2020-05-20 08:15:46 [35mSTATE: [39m Image cache loaded: data/cache.json records: 593 size: 10097791 bytes 
2020-05-20 08:15:46 [35mSTATE: [39m Server HTTP listening on IPv6 :::8000 
2020-05-20 08:15:46 [35mSTATE: [39m Server HTTPS listening on IPv6 :::8080 
2020-05-20 08:16:04 [35mSTATE: [39m Application ready 
2020-05-20 08:16:11 [32mDATA: [39m GET/1.1 code:401 user:undefined src:IPv6/::1 dst:https://localhost:8080/gallery 
2020-05-20 08:16:14 [36mINFO: [39m Login request: mandic00@live.com from ::1 success 
2020-05-20 08:16:14 [32mDATA: [39m POST/1.1 code:302 user:mandic00@live.com src:IPv6/::1 dst:https://localhost:8080/client/auth.html 
2020-05-20 08:16:15 [36mINFO: [39m mandic00@live.com@::1 Loading gallery ... 
2020-05-20 08:16:15 [36mINFO: [39m Get mandic00@live.com@::1 data: 0 of 593 
2020-05-20 08:16:15 [36mINFO: [39m mandic00@live.com@::1 Received 0 images in 2 bytes 
2020-05-20 08:16:54 [36mINFO: [39m photo-analysis version 0.2.7 
2020-05-20 08:16:54 [36mINFO: [39m Platform: linux Arch: x64 Node: v14.0.0 
2020-05-20 08:16:54 [35mSTATE: [39m API ready 
2020-05-20 08:16:55 [35mSTATE: [39m Loaded WordNet database: assets/WordNet-Synset.json 60942 terms in 24034816 bytes 
2020-05-20 08:16:56 [35mSTATE: [39m Loaded all cities database: assets/Cities.json 195175 all cities 4426 large cities 
2020-05-20 08:16:57 [35mSTATE: [39m Image cache loaded: data/cache.json records: 593 size: 10097791 bytes 
2020-05-20 08:16:57 [35mSTATE: [39m Server HTTP listening on IPv6 :::8000 
2020-05-20 08:16:57 [35mSTATE: [39m Server HTTPS listening on IPv6 :::8080 
2020-05-20 08:17:16 [35mSTATE: [39m Application ready 
2020-05-20 08:17:40 [36mINFO: [39m photo-analysis version 0.2.7 
2020-05-20 08:17:40 [36mINFO: [39m Platform: linux Arch: x64 Node: v14.0.0 
2020-05-20 08:17:40 [35mSTATE: [39m API ready 
2020-05-20 08:17:40 [35mSTATE: [39m Loaded WordNet database: assets/WordNet-Synset.json 60942 terms in 24034816 bytes 
2020-05-20 08:17:41 [35mSTATE: [39m Loaded all cities database: assets/Cities.json 195175 all cities 4426 large cities 
2020-05-20 08:17:42 [35mSTATE: [39m Image cache loaded: data/cache.json records: 593 size: 10097791 bytes 
2020-05-20 08:17:42 [35mSTATE: [39m Server HTTP listening on IPv6 :::8000 
2020-05-20 08:17:42 [35mSTATE: [39m Server HTTPS listening on IPv6 :::8080 
2020-05-20 08:17:58 [35mSTATE: [39m Application ready 
2020-05-20 08:18:00 [32mDATA: [39m GET/1.1 code:401 user:undefined src:IPv6/::1 dst:https://localhost:8080/gallery 
2020-05-20 08:18:02 [36mINFO: [39m Login request: mandic00@live.com from ::1 success 
2020-05-20 08:18:02 [32mDATA: [39m POST/1.1 code:302 user:mandic00@live.com src:IPv6/::1 dst:https://localhost:8080/client/auth.html 
2020-05-20 08:18:03 [36mINFO: [39m mandic00@live.com@::1 Loading gallery ... 
2020-05-20 08:18:03 [36mINFO: [39m Get mandic00@live.com@::1 root: /media data: 0 of 593 
2020-05-20 08:18:03 [36mINFO: [39m mandic00@live.com@::1 Received 0 images in 2 bytes 
2020-05-20 08:18:28 [36mINFO: [39m photo-analysis version 0.2.7 
2020-05-20 08:18:28 [36mINFO: [39m Platform: linux Arch: x64 Node: v14.0.0 
2020-05-20 08:18:28 [35mSTATE: [39m API ready 
2020-05-20 08:18:28 [35mSTATE: [39m Loaded WordNet database: assets/WordNet-Synset.json 60942 terms in 24034816 bytes 
2020-05-20 08:18:29 [35mSTATE: [39m Loaded all cities database: assets/Cities.json 195175 all cities 4426 large cities 
2020-05-20 08:18:30 [35mSTATE: [39m Image cache loaded: data/cache.json records: 593 size: 10097791 bytes 
2020-05-20 08:18:30 [35mSTATE: [39m Server HTTP listening on IPv6 :::8000 
2020-05-20 08:18:30 [35mSTATE: [39m Server HTTPS listening on IPv6 :::8080 
2020-05-20 08:18:42 [35mSTATE: [39m Application ready 
2020-05-20 08:18:45 [32mDATA: [39m GET/1.1 code:401 user:undefined src:IPv6/::1 dst:https://localhost:8080/gallery 
2020-05-20 08:18:48 [36mINFO: [39m Login request: mandic00@live.com from ::1 success 
2020-05-20 08:18:48 [32mDATA: [39m POST/1.1 code:302 user:mandic00@live.com src:IPv6/::1 dst:https://localhost:8080/client/auth.html 
2020-05-20 08:18:48 [36mINFO: [39m Get mandic00@live.com@::1 root: media/ data: 593 of 593 
2020-05-20 08:18:48 [36mINFO: [39m mandic00@live.com@::1 Loading gallery ... 
2020-05-20 08:18:48 [36mINFO: [39m mandic00@live.com@::1 Received 593 images in 10,097,791 bytes 
2020-05-20 08:25:07 [36mINFO: [39m photo-analysis version 0.2.7 
2020-05-20 08:25:07 [36mINFO: [39m Platform: linux Arch: x64 Node: v14.0.0 
2020-05-20 08:25:07 [35mSTATE: [39m API ready 
2020-05-20 08:25:08 [35mSTATE: [39m Loaded WordNet database: assets/WordNet-Synset.json 60942 terms in 24034816 bytes 
2020-05-20 08:25:08 [35mSTATE: [39m Loaded all cities database: assets/Cities.json 195175 all cities 4426 large cities 
2020-05-20 08:25:09 [35mSTATE: [39m Image cache loaded: data/cache.json records: 593 size: 10097791 bytes 
2020-05-20 08:25:09 [35mSTATE: [39m Server HTTP listening on IPv6 :::8000 
2020-05-20 08:25:09 [35mSTATE: [39m Server HTTPS listening on IPv6 :::8080 
2020-05-20 08:25:25 [35mSTATE: [39m Application ready 
2020-05-20 08:25:28 [32mDATA: [39m GET/1.1 code:401 user:undefined src:IPv6/::1 dst:https://localhost:8080/gallery 
2020-05-20 08:25:31 [36mINFO: [39m Login request: mandic00@live.com from ::1 success 
2020-05-20 08:25:31 [32mDATA: [39m POST/1.1 code:302 user:mandic00@live.com src:IPv6/::1 dst:https://localhost:8080/client/auth.html 
2020-05-20 08:25:31 [36mINFO: [39m mandic00@live.com@::1 Loading gallery ... 
2020-05-20 08:25:31 [36mINFO: [39m Get mandic00@live.com@::1 root: media/ data: 593 of 593 
2020-05-20 08:25:31 [36mINFO: [39m mandic00@live.com@::1 Received 593 images in 10,097,791 bytes 
2020-05-20 08:28:04 [35mSTATE: [39m Application ready 
2020-05-20 08:29:05 [35mSTATE: [39m Application ready 
2020-05-20 08:30:48 [35mSTATE: [39m Application ready 
2020-05-20 08:31:35 [36mINFO: [39m mandic00@live.com@::1 Loading gallery ... 
2020-05-20 08:31:35 [36mINFO: [39m Get mandic00@live.com@::1 root: media/ data: 593 of 593 
2020-05-20 08:31:36 [36mINFO: [39m mandic00@live.com@::1 Received 593 images in 10,097,791 bytes 
2020-05-20 08:31:57 [35mSTATE: [39m Application ready 
2020-05-20 08:32:15 [35mSTATE: [39m Application ready 
2020-05-20 08:32:16 [36mINFO: [39m mandic00@live.com@::1 Loading gallery ... 
2020-05-20 08:32:16 [36mINFO: [39m Get mandic00@live.com@::1 root: media/ data: 593 of 593 
2020-05-20 08:32:16 [36mINFO: [39m mandic00@live.com@::1 Received 593 images in 10,097,791 bytes 
2020-05-20 08:33:23 [35mSTATE: [39m Application ready 
2020-05-20 08:34:22 [35mSTATE: [39m Application ready 
2020-05-20 08:34:35 [35mSTATE: [39m Application ready 
2020-05-20 08:34:36 [36mINFO: [39m mandic00@live.com@::1 Loading gallery ... 
2020-05-20 08:34:36 [36mINFO: [39m Get mandic00@live.com@::1 root: media/ data: 593 of 593 
2020-05-20 08:34:37 [36mINFO: [39m mandic00@live.com@::1 Received 593 images in 10,097,791 bytes 
2020-05-20 08:35:29 [35mSTATE: [39m Application ready 
2020-05-20 08:35:30 [36mINFO: [39m mandic00@live.com@::1 Loading gallery ... 
2020-05-20 08:35:30 [36mINFO: [39m Get mandic00@live.com@::1 root: media/ data: 593 of 593 
2020-05-20 08:35:31 [36mINFO: [39m mandic00@live.com@::1 Received 593 images in 10,097,791 bytes 
2020-05-20 08:35:37 [35mSTATE: [39m Application ready 
2020-05-20 08:35:47 [35mSTATE: [39m Application ready 
2020-05-20 08:35:48 [36mINFO: [39m mandic00@live.com@::1 Loading gallery ... 
2020-05-20 08:35:48 [36mINFO: [39m Get mandic00@live.com@::1 root: media/ data: 593 of 593 
2020-05-20 08:35:48 [36mINFO: [39m mandic00@live.com@::1 Received 593 images in 10,097,791 bytes 
2020-05-20 08:36:59 [35mSTATE: [39m Application ready 
2020-05-20 08:38:11 [35mSTATE: [39m Application ready 
2020-05-20 08:38:13 [36mINFO: [39m Get mandic00@live.com@::1 root: media/ data: 593 of 593 
2020-05-20 08:38:13 [36mINFO: [39m mandic00@live.com@::1 Loading gallery ... 
2020-05-20 08:38:13 [36mINFO: [39m mandic00@live.com@::1 Received 593 images in 10,097,791 bytes 
2020-05-20 08:38:18 [36mINFO: [39m mandic00@live.com@::1 Image database update requested ... 
2020-05-20 08:39:03 [35mSTATE: [39m Application ready 
2020-05-20 08:40:03 [35mSTATE: [39m Application ready 
2020-05-20 08:40:04 [36mINFO: [39m mandic00@live.com@::1 Loading gallery ... 
2020-05-20 08:40:04 [36mINFO: [39m Get mandic00@live.com@::1 root: media/ data: 593 of 593 
2020-05-20 08:40:05 [36mINFO: [39m mandic00@live.com@::1 Received 593 images in 10,097,791 bytes 
2020-05-20 08:40:51 [35mSTATE: [39m Application ready 
2020-05-20 08:40:56 [36mINFO: [39m mandic00@live.com@::1 Loading gallery ... 
2020-05-20 08:40:56 [36mINFO: [39m Get mandic00@live.com@::1 root: media/ data: 593 of 593 
2020-05-20 08:40:57 [36mINFO: [39m mandic00@live.com@::1 Received 593 images in 10,097,791 bytes 
2020-05-20 08:41:26 [35mSTATE: [39m Application ready 
2020-05-20 08:41:27 [36mINFO: [39m mandic00@live.com@::1 Loading gallery ... 
2020-05-20 08:41:27 [36mINFO: [39m Get mandic00@live.com@::1 root: media/ data: 593 of 593 
2020-05-20 08:41:28 [36mINFO: [39m mandic00@live.com@::1 Received 593 images in 10,097,791 bytes 
2020-05-20 08:41:30 [36mINFO: [39m mandic00@live.com@::1 Image database update requested ... 
2020-05-20 08:41:30 [36mINFO: [39m mandic00@live.com@::1 Starting Image Analsys 
2020-05-20 08:41:30 [36mINFO: [39m mandic00@live.com@::1 Initializing TensorFlow/JS version 1.7.4 
2020-05-20 08:41:31 [36mINFO: [39m mandic00@live.com@::1 Configuration: 
2020-05-20 08:41:31 [36mINFO: [39m mandic00@live.com@::1 Configured Backend: WEBGL 
2020-05-20 08:41:31 [36mINFO: [39m mandic00@live.com@::1  Parallel processing: 1 parallel images 
2020-05-20 08:41:31 [36mINFO: [39m mandic00@live.com@::1  Forced image resize: 780px maximum shape: native 
2020-05-20 08:41:31 [36mINFO: [39m mandic00@live.com@::1  Classify: name:Inception v3, modelPath:models/inception-v3/model.json, score:0.2, topK:3 
2020-05-20 08:41:31 [36mINFO: [39m mandic00@live.com@::1  Alternate: name:MobileNet v2, modelPath:/models/mobilenet-v2/model.json, score:0.2, topK:3 
2020-05-20 08:41:31 [36mINFO: [39m mandic00@live.com@::1  Detect: name:Coco/SSD v2, modelPath:models/cocossd-v2/model.json, score:0.4, topK:6, overlap:0.1 
2020-05-20 08:41:31 [36mINFO: [39m mandic00@live.com@::1  Float Precision: 16bit 
2020-05-20 08:41:31 [36mINFO: [39m mandic00@live.com@::1  Person: name:FaceAPI SSD, modelPath:models/faceapi/, score:0.4, topK:4, type:ssdMobilenetv1 
2020-05-20 08:49:49 [35mSTATE: [39m Application ready 
2020-05-20 08:51:59 [35mSTATE: [39m Application ready 
2020-05-20 08:54:00 [35mSTATE: [39m Application ready 
2020-05-20 08:58:37 [36mINFO: [39m mandic00@live.com@::1 Loading gallery ... 
2020-05-20 08:58:37 [36mINFO: [39m Get mandic00@live.com@::1 root: media/ data: 593 of 593 
2020-05-20 08:58:38 [36mINFO: [39m mandic00@live.com@::1 Received 593 images in 10,097,791 bytes 
